<?xml version="1.0" encoding="UTF-8"?>
<robot generator="Robot 3.1.2 (Python 3.7.4 on win32)" generated="20200218 18:16:36.009" rpa="false">
<suite id="s1" name="Brproject Delete" source="D:\Nuttawat\y3smt2\SE\WebDemo-master\login_tests\brproject_delete.robot">
<test id="s1-t1" name="Open Event Home Page">
<kw name="Open Browser" library="SeleniumLibrary">
<doc>Opens a new browser instance to the given ``url``.</doc>
<arguments>
<arg>${HOME URL}</arg>
<arg>${BROWSER}</arg>
</arguments>
<msg timestamp="20200218 18:16:36.258" level="INFO">Opening browser 'chrome' to base url 'http://10.199.66.227/SoftEn2020/Sec02/2nd%20Group/cs-equipments/home.php'.</msg>
<status status="PASS" starttime="20200218 18:16:36.258" endtime="20200218 18:16:41.819"></status>
</kw>
<kw name="Set Selenium Speed" library="SeleniumLibrary">
<doc>Sets the delay that is waited after each Selenium command.</doc>
<arguments>
<arg>${DELAY}</arg>
</arguments>
<status status="PASS" starttime="20200218 18:16:41.820" endtime="20200218 18:16:41.820"></status>
</kw>
<kw name="Location Should Be" library="SeleniumLibrary">
<doc>Verifies that current URL is exactly ``url``.</doc>
<arguments>
<arg>${HOME URL}</arg>
</arguments>
<msg timestamp="20200218 18:16:42.128" level="INFO">Current location is 'http://10.199.66.227/SoftEn2020/Sec02/2nd%20Group/cs-equipments/home.php'.</msg>
<status status="PASS" starttime="20200218 18:16:41.821" endtime="20200218 18:16:42.128"></status>
</kw>
<status status="PASS" starttime="20200218 18:16:36.257" endtime="20200218 18:16:42.128" critical="yes"></status>
</test>
<test id="s1-t2" name="Delete Equipments Above">
<kw name="Click Link" library="SeleniumLibrary">
<doc>Clicks a link identified by ``locator``.</doc>
<arguments>
<arg>delete</arg>
</arguments>
<msg timestamp="20200218 18:16:42.131" level="INFO">Clicking link 'delete'.</msg>
<status status="PASS" starttime="20200218 18:16:42.131" endtime="20200218 18:16:43.122"></status>
</kw>
<kw name="Handle Alert" library="SeleniumLibrary">
<doc>Handles the current alert and returns its message.</doc>
<arguments>
<arg>action=ACCEPT</arg>
</arguments>
<status status="PASS" starttime="20200218 18:16:43.122" endtime="20200218 18:16:44.028"></status>
</kw>
<kw name="Location Should Contain" library="SeleniumLibrary">
<doc>Verifies that current URL contains ``expected``.</doc>
<arguments>
<arg>${HOME URL}</arg>
</arguments>
<msg timestamp="20200218 18:16:44.333" level="INFO">Current location contains 'http://10.199.66.227/SoftEn2020/Sec02/2nd%20Group/cs-equipments/home.php'.</msg>
<status status="PASS" starttime="20200218 18:16:44.028" endtime="20200218 18:16:44.333"></status>
</kw>
<kw name="Title Should Be" library="SeleniumLibrary">
<doc>Verifies that current page title equals ``title``.</doc>
<arguments>
<arg>${TITLE HOME}</arg>
</arguments>
<msg timestamp="20200218 18:16:44.638" level="INFO">Page title is 'Home'.</msg>
<status status="PASS" starttime="20200218 18:16:44.333" endtime="20200218 18:16:44.638"></status>
</kw>
<kw name="Close Browser" library="SeleniumLibrary" type="teardown">
<doc>Closes the current browser.</doc>
<status status="PASS" starttime="20200218 18:16:44.638" endtime="20200218 18:16:47.044"></status>
</kw>
<status status="PASS" starttime="20200218 18:16:42.130" endtime="20200218 18:16:47.045" critical="yes"></status>
</test>
<status status="PASS" starttime="20200218 18:16:36.010" endtime="20200218 18:16:47.047"></status>
</suite>
<statistics>
<total>
<stat pass="2" fail="0">Critical Tests</stat>
<stat pass="2" fail="0">All Tests</stat>
</total>
<tag>
</tag>
<suite>
<stat pass="2" fail="0" id="s1" name="Brproject Delete">Brproject Delete</stat>
</suite>
</statistics>
<errors>
</errors>
</robot>
